<?xml version="1.0" encoding="UTF-8"?>
<!-- Generated by org.testng.reporters.JUnitReportReporter -->
<testsuite hostname="ITEM-S109656" name="searchPageAndAssertion.SearchPage" tests="1" failures="0" timestamp="27 Mar 2022 17:55:46 GMT" time="14.852" errors="0">
  <testcase name="searchentry" time="14.852" classname="searchPageAndAssertion.SearchPage"/>
</testsuite> <!-- searchPageAndAssertion.SearchPage -->
