<?xml version="1.0" encoding="UTF-8"?>
<!-- Generated by org.testng.reporters.JUnitReportReporter -->
<testsuite hostname="ITEM-S109656" name="loginPage.FirstScenario" tests="1" failures="0" timestamp="27 Mar 2022 18:07:58 GMT" time="16.034" errors="0">
  <testcase name="launchBrowser" time="16.034" classname="loginPage.FirstScenario"/>
</testsuite> <!-- loginPage.FirstScenario -->
