<?xml version="1.0" encoding="UTF-8"?>
<!-- Generated by org.testng.reporters.JUnitReportReporter -->
<testsuite hostname="ITEM-S109656" name="searchPage.SearchPage" tests="1" failures="0" timestamp="27 Mar 2022 17:20:27 GMT" time="13.281" errors="0">
  <testcase name="searchentry" time="13.281" classname="searchPage.SearchPage"/>
</testsuite> <!-- searchPage.SearchPage -->
